<?xml version="1.0" encoding="UTF-8"?>
<!-- Generated by org.testng.reporters.JUnitReportReporter -->
<testsuite hostname="SHREE" failures="0" tests="1" name="tests.EndToEndTest" time="50.010" errors="0" timestamp="2024-10-29T14:13:36 IST" skipped="0">
  <testcase classname="tests.EndToEndTest" name="verify_login" time="50.010"/>
  <system-out/>
</testsuite> <!-- tests.EndToEndTest -->
