<?xml version="1.0" encoding="UTF-8"?>
<!-- Generated by org.testng.reporters.JUnitReportReporter -->
<testsuite hostname="SHREE" failures="0" tests="1" name="tests.LoginTest" time="25.085" errors="0" timestamp="2024-10-29T09:17:34 IST" skipped="0">
  <testcase classname="tests.LoginTest" name="verify_login" time="25.085"/>
</testsuite> <!-- tests.LoginTest -->
